2022-05-06 08:47:33.617  INFO 16508 --- [restartedMain] c.l.communicate.CommunicateApplication   : Starting CommunicateApplication using Java 1.8.0_144 on DESKTOP-4VQLN0S with PID 16508 (D:\Java\Spring\communicate\target\classes started by 26794 in D:\Java\Spring\communicate)
2022-05-06 08:47:33.617  INFO 16508 --- [restartedMain] c.l.communicate.CommunicateApplication   : No active profile set, falling back to 1 default profile: "default"
2022-05-06 08:47:34.208  INFO 16508 --- [restartedMain] o.s.b.w.embedded.tomcat.TomcatWebServer  : Tomcat initialized with port(s): 8080 (http)
2022-05-06 08:47:34.210  INFO 16508 --- [restartedMain] o.apache.catalina.core.StandardService   : Starting service [Tomcat]
2022-05-06 08:47:34.210  INFO 16508 --- [restartedMain] org.apache.catalina.core.StandardEngine  : Starting Servlet engine: [Apache Tomcat/9.0.60]
2022-05-06 08:47:34.240  INFO 16508 --- [restartedMain] o.a.c.c.C.[Tomcat].[localhost].[/]       : Initializing Spring embedded WebApplicationContext
2022-05-06 08:47:34.241  INFO 16508 --- [restartedMain] w.s.c.ServletWebServerApplicationContext : Root WebApplicationContext: initialization completed in 619 ms
2022-05-06 08:47:34.515  INFO 16508 --- [restartedMain] o.s.b.a.w.s.WelcomePageHandlerMapping    : Adding welcome page template: index
2022-05-06 08:47:34.642  INFO 16508 --- [restartedMain] o.s.b.d.a.OptionalLiveReloadServer       : LiveReload server is running on port 35729
2022-05-06 08:47:34.674  INFO 16508 --- [restartedMain] o.s.b.w.embedded.tomcat.TomcatWebServer  : Tomcat started on port(s): 8080 (http) with context path ''
2022-05-06 08:47:34.683  INFO 16508 --- [restartedMain] c.l.communicate.CommunicateApplication   : Started CommunicateApplication in 1.126 seconds (JVM running for 99.096)
2022-05-06 08:47:34.685  INFO 16508 --- [restartedMain] .ConditionEvaluationDeltaLoggingListener : Condition evaluation unchanged
2022-05-06 08:47:52.088  INFO 548 --- [restartedMain] c.l.communicate.CommunicateApplication   : Starting CommunicateApplication using Java 1.8.0_144 on DESKTOP-4VQLN0S with PID 548 (D:\Java\Spring\communicate\target\classes started by 26794 in D:\Java\Spring\communicate)
2022-05-06 08:47:52.103  INFO 548 --- [restartedMain] c.l.communicate.CommunicateApplication   : No active profile set, falling back to 1 default profile: "default"
2022-05-06 08:47:52.330  INFO 548 --- [restartedMain] .e.DevToolsPropertyDefaultsPostProcessor : Devtools property defaults active! Set 'spring.devtools.add-properties' to 'false' to disable
2022-05-06 08:47:52.331  INFO 548 --- [restartedMain] .e.DevToolsPropertyDefaultsPostProcessor : For additional web related logging consider setting the 'logging.level.web' property to 'DEBUG'
2022-05-06 08:47:55.573  INFO 548 --- [restartedMain] o.s.b.w.embedded.tomcat.TomcatWebServer  : Tomcat initialized with port(s): 8080 (http)
2022-05-06 08:47:55.591  INFO 548 --- [restartedMain] o.apache.catalina.core.StandardService   : Starting service [Tomcat]
2022-05-06 08:47:55.592  INFO 548 --- [restartedMain] org.apache.catalina.core.StandardEngine  : Starting Servlet engine: [Apache Tomcat/9.0.60]
2022-05-06 08:47:55.747  INFO 548 --- [restartedMain] o.a.c.c.C.[Tomcat].[localhost].[/]       : Initializing Spring embedded WebApplicationContext
2022-05-06 08:47:55.748  INFO 548 --- [restartedMain] w.s.c.ServletWebServerApplicationContext : Root WebApplicationContext: initialization completed in 3415 ms
2022-05-06 08:47:57.091  INFO 548 --- [restartedMain] o.s.b.a.w.s.WelcomePageHandlerMapping    : Adding welcome page template: index
2022-05-06 08:47:57.480  INFO 548 --- [restartedMain] o.s.b.d.a.OptionalLiveReloadServer       : LiveReload server is running on port 35729
2022-05-06 08:47:57.554  INFO 548 --- [restartedMain] o.s.b.w.embedded.tomcat.TomcatWebServer  : Tomcat started on port(s): 8080 (http) with context path ''
2022-05-06 08:47:57.578  INFO 548 --- [restartedMain] c.l.communicate.CommunicateApplication   : Started CommunicateApplication in 7.304 seconds (JVM running for 11.067)
2022-05-06 08:51:03.861  INFO 548 --- [Thread-17] com.alibaba.druid.pool.DruidDataSource   : {dataSource-0} closing ...
2022-05-06 08:51:04.278 ERROR 548 --- [restartedMain] o.s.b.d.LoggingFailureAnalysisReporter   : 

***************************
APPLICATION FAILED TO START
***************************

Description:

Failed to bind properties under 'logging.level' to java.util.Map<java.lang.String, org.springframework.boot.logging.LogLevel>:

    Reason: org.springframework.core.convert.ConverterNotFoundException: No converter found capable of converting from type [java.lang.String] to type [java.util.Map<java.lang.String, org.springframework.boot.logging.LogLevel>]

Action:

Update your application's configuration

2022-05-06 08:51:36.493 ERROR 548 --- [restartedMain] o.s.b.d.LoggingFailureAnalysisReporter   : 

***************************
APPLICATION FAILED TO START
***************************

Description:

Failed to bind properties under 'logging.level' to java.util.Map<java.lang.String, org.springframework.boot.logging.LogLevel>:

    Reason: org.springframework.core.convert.ConverterNotFoundException: No converter found capable of converting from type [java.lang.String] to type [java.util.Map<java.lang.String, org.springframework.boot.logging.LogLevel>]

Action:

Update your application's configuration

2022-05-06 08:52:48.794 ERROR 548 --- [restartedMain] o.s.boot.SpringApplication               : Application run failed

org.yaml.snakeyaml.scanner.ScannerException: while scanning a simple key
 in 'reader', line 25, column 3:
      maxs
      ^
could not find expected ':'
 in 'reader', line 25, column 7:
      maxs
          ^

	at org.yaml.snakeyaml.scanner.ScannerImpl.removePossibleSimpleKey(ScannerImpl.java:533) ~[snakeyaml-1.29.jar:na]
	at org.yaml.snakeyaml.scanner.ScannerImpl.fetchStreamEnd(ScannerImpl.java:607) ~[snakeyaml-1.29.jar:na]
	at org.yaml.snakeyaml.scanner.ScannerImpl.fetchMoreTokens(ScannerImpl.java:320) ~[snakeyaml-1.29.jar:na]
	at org.yaml.snakeyaml.scanner.ScannerImpl.checkToken(ScannerImpl.java:248) ~[snakeyaml-1.29.jar:na]
	at org.yaml.snakeyaml.parser.ParserImpl$ParseBlockMappingKey.produce(ParserImpl.java:634) ~[snakeyaml-1.29.jar:na]
	at org.yaml.snakeyaml.parser.ParserImpl.peekEvent(ParserImpl.java:165) ~[snakeyaml-1.29.jar:na]
	at org.yaml.snakeyaml.comments.CommentEventsCollector$1.peek(CommentEventsCollector.java:59) ~[snakeyaml-1.29.jar:na]
	at org.yaml.snakeyaml.comments.CommentEventsCollector$1.peek(CommentEventsCollector.java:45) ~[snakeyaml-1.29.jar:na]
	at org.yaml.snakeyaml.comments.CommentEventsCollector.collectEvents(CommentEventsCollector.java:140) ~[snakeyaml-1.29.jar:na]
	at org.yaml.snakeyaml.comments.CommentEventsCollector.collectEvents(CommentEventsCollector.java:119) ~[snakeyaml-1.29.jar:na]
	at org.yaml.snakeyaml.composer.Composer.composeMappingNode(Composer.java:293) ~[snakeyaml-1.29.jar:na]
	at org.yaml.snakeyaml.composer.Composer.composeNode(Composer.java:188) ~[snakeyaml-1.29.jar:na]
	at org.yaml.snakeyaml.composer.Composer.composeValueNode(Composer.java:314) ~[snakeyaml-1.29.jar:na]
	at org.yaml.snakeyaml.composer.Composer.composeMappingChildren(Composer.java:305) ~[snakeyaml-1.29.jar:na]
	at org.yaml.snakeyaml.composer.Composer.composeMappingNode(Composer.java:286) ~[snakeyaml-1.29.jar:na]
	at org.yaml.snakeyaml.composer.Composer.composeNode(Composer.java:188) ~[snakeyaml-1.29.jar:na]
	at org.yaml.snakeyaml.composer.Composer.composeValueNode(Composer.java:314) ~[snakeyaml-1.29.jar:na]
	at org.yaml.snakeyaml.composer.Composer.composeMappingChildren(Composer.java:305) ~[snakeyaml-1.29.jar:na]
	at org.yaml.snakeyaml.composer.Composer.composeMappingNode(Composer.java:286) ~[snakeyaml-1.29.jar:na]
	at org.yaml.snakeyaml.composer.Composer.composeNode(Composer.java:188) ~[snakeyaml-1.29.jar:na]
	at org.yaml.snakeyaml.composer.Composer.getNode(Composer.java:115) ~[snakeyaml-1.29.jar:na]
	at org.yaml.snakeyaml.constructor.BaseConstructor.getData(BaseConstructor.java:135) ~[snakeyaml-1.29.jar:na]
	at org.springframework.boot.env.OriginTrackedYamlLoader$OriginTrackingConstructor.getData(OriginTrackedYamlLoader.java:99) ~[spring-boot-2.6.6.jar:2.6.6]
	at org.yaml.snakeyaml.Yaml$1.next(Yaml.java:514) ~[snakeyaml-1.29.jar:na]
	at org.springframework.beans.factory.config.YamlProcessor.process(YamlProcessor.java:198) ~[spring-beans-5.3.18.jar:5.3.18]
	at org.springframework.beans.factory.config.YamlProcessor.process(YamlProcessor.java:166) ~[spring-beans-5.3.18.jar:5.3.18]
	at org.springframework.boot.env.OriginTrackedYamlLoader.load(OriginTrackedYamlLoader.java:84) ~[spring-boot-2.6.6.jar:2.6.6]
	at org.springframework.boot.env.YamlPropertySourceLoader.load(YamlPropertySourceLoader.java:50) ~[spring-boot-2.6.6.jar:2.6.6]
	at org.springframework.boot.context.config.StandardConfigDataLoader.load(StandardConfigDataLoader.java:54) ~[spring-boot-2.6.6.jar:2.6.6]
	at org.springframework.boot.context.config.StandardConfigDataLoader.load(StandardConfigDataLoader.java:36) ~[spring-boot-2.6.6.jar:2.6.6]
	at org.springframework.boot.context.config.ConfigDataLoaders.load(ConfigDataLoaders.java:107) ~[spring-boot-2.6.6.jar:2.6.6]
	at org.springframework.boot.context.config.ConfigDataImporter.load(ConfigDataImporter.java:128) ~[spring-boot-2.6.6.jar:2.6.6]
	at org.springframework.boot.context.config.ConfigDataImporter.resolveAndLoad(ConfigDataImporter.java:86) ~[spring-boot-2.6.6.jar:2.6.6]
	at org.springframework.boot.context.config.ConfigDataEnvironmentContributors.withProcessedImports(ConfigDataEnvironmentContributors.java:116) ~[spring-boot-2.6.6.jar:2.6.6]
	at org.springframework.boot.context.config.ConfigDataEnvironment.processInitial(ConfigDataEnvironment.java:240) ~[spring-boot-2.6.6.jar:2.6.6]
	at org.springframework.boot.context.config.ConfigDataEnvironment.processAndApply(ConfigDataEnvironment.java:227) ~[spring-boot-2.6.6.jar:2.6.6]
	at org.springframework.boot.context.config.ConfigDataEnvironmentPostProcessor.postProcessEnvironment(ConfigDataEnvironmentPostProcessor.java:102) ~[spring-boot-2.6.6.jar:2.6.6]
	at org.springframework.boot.context.config.ConfigDataEnvironmentPostProcessor.postProcessEnvironment(ConfigDataEnvironmentPostProcessor.java:94) ~[spring-boot-2.6.6.jar:2.6.6]
	at org.springframework.boot.env.EnvironmentPostProcessorApplicationListener.onApplicationEnvironmentPreparedEvent(EnvironmentPostProcessorApplicationListener.java:102) ~[spring-boot-2.6.6.jar:2.6.6]
	at org.springframework.boot.env.EnvironmentPostProcessorApplicationListener.onApplicationEvent(EnvironmentPostProcessorApplicationListener.java:87) ~[spring-boot-2.6.6.jar:2.6.6]
	at org.springframework.context.event.SimpleApplicationEventMulticaster.doInvokeListener(SimpleApplicationEventMulticaster.java:176) ~[spring-context-5.3.18.jar:5.3.18]
	at org.springframework.context.event.SimpleApplicationEventMulticaster.invokeListener(SimpleApplicationEventMulticaster.java:169) ~[spring-context-5.3.18.jar:5.3.18]
	at org.springframework.context.event.SimpleApplicationEventMulticaster.multicastEvent(SimpleApplicationEventMulticaster.java:143) ~[spring-context-5.3.18.jar:5.3.18]
	at org.springframework.context.event.SimpleApplicationEventMulticaster.multicastEvent(SimpleApplicationEventMulticaster.java:131) ~[spring-context-5.3.18.jar:5.3.18]
	at org.springframework.boot.context.event.EventPublishingRunListener.environmentPrepared(EventPublishingRunListener.java:85) ~[spring-boot-2.6.6.jar:2.6.6]
	at org.springframework.boot.SpringApplicationRunListeners.lambda$environmentPrepared$2(SpringApplicationRunListeners.java:66) ~[spring-boot-2.6.6.jar:2.6.6]
	at java.util.ArrayList.forEach(ArrayList.java:1249) ~[na:1.8.0_144]
	at org.springframework.boot.SpringApplicationRunListeners.doWithListeners(SpringApplicationRunListeners.java:120) ~[spring-boot-2.6.6.jar:2.6.6]
	at org.springframework.boot.SpringApplicationRunListeners.doWithListeners(SpringApplicationRunListeners.java:114) ~[spring-boot-2.6.6.jar:2.6.6]
	at org.springframework.boot.SpringApplicationRunListeners.environmentPrepared(SpringApplicationRunListeners.java:65) ~[spring-boot-2.6.6.jar:2.6.6]
	at org.springframework.boot.SpringApplication.prepareEnvironment(SpringApplication.java:339) [spring-boot-2.6.6.jar:2.6.6]
	at org.springframework.boot.SpringApplication.run(SpringApplication.java:297) [spring-boot-2.6.6.jar:2.6.6]
	at org.springframework.boot.SpringApplication.run(SpringApplication.java:1312) [spring-boot-2.6.6.jar:2.6.6]
	at org.springframework.boot.SpringApplication.run(SpringApplication.java:1301) [spring-boot-2.6.6.jar:2.6.6]
	at com.lilesien.communicate.CommunicateApplication.main(CommunicateApplication.java:10) [classes/:na]
	at sun.reflect.NativeMethodAccessorImpl.invoke0(Native Method) ~[na:1.8.0_144]
	at sun.reflect.NativeMethodAccessorImpl.invoke(NativeMethodAccessorImpl.java:62) ~[na:1.8.0_144]
	at sun.reflect.DelegatingMethodAccessorImpl.invoke(DelegatingMethodAccessorImpl.java:43) ~[na:1.8.0_144]
	at java.lang.reflect.Method.invoke(Method.java:498) ~[na:1.8.0_144]
	at org.springframework.boot.devtools.restart.RestartLauncher.run(RestartLauncher.java:49) [spring-boot-devtools-2.6.6.jar:2.6.6]

2022-05-06 08:52:55.525  INFO 548 --- [restartedMain] c.l.communicate.CommunicateApplication   : Starting CommunicateApplication using Java 1.8.0_144 on DESKTOP-4VQLN0S with PID 548 (D:\Java\Spring\communicate\target\classes started by 26794 in D:\Java\Spring\communicate)
2022-05-06 08:52:55.526  INFO 548 --- [restartedMain] c.l.communicate.CommunicateApplication   : No active profile set, falling back to 1 default profile: "default"
2022-05-06 08:52:56.381  INFO 548 --- [restartedMain] o.s.b.w.embedded.tomcat.TomcatWebServer  : Tomcat initialized with port(s): 8080 (http)
2022-05-06 08:52:56.382  INFO 548 --- [restartedMain] o.apache.catalina.core.StandardService   : Starting service [Tomcat]
2022-05-06 08:52:56.385  INFO 548 --- [restartedMain] org.apache.catalina.core.StandardEngine  : Starting Servlet engine: [Apache Tomcat/9.0.60]
2022-05-06 08:52:56.452  INFO 548 --- [restartedMain] o.a.c.c.C.[Tomcat].[localhost].[/]       : Initializing Spring embedded WebApplicationContext
2022-05-06 08:52:56.453  INFO 548 --- [restartedMain] w.s.c.ServletWebServerApplicationContext : Root WebApplicationContext: initialization completed in 921 ms
2022-05-06 08:52:56.783  INFO 548 --- [restartedMain] o.s.b.a.w.s.WelcomePageHandlerMapping    : Adding welcome page template: index
2022-05-06 08:52:56.904  INFO 548 --- [restartedMain] o.s.b.d.a.OptionalLiveReloadServer       : LiveReload server is running on port 35729
2022-05-06 08:52:56.941  INFO 548 --- [restartedMain] o.s.b.w.embedded.tomcat.TomcatWebServer  : Tomcat started on port(s): 8080 (http) with context path ''
2022-05-06 08:52:56.952  INFO 548 --- [restartedMain] c.l.communicate.CommunicateApplication   : Started CommunicateApplication in 1.507 seconds (JVM running for 310.441)
2022-05-06 08:52:56.955  INFO 548 --- [restartedMain] .ConditionEvaluationDeltaLoggingListener : Condition evaluation unchanged
2022-05-06 08:54:59.072  INFO 548 --- [Thread-24] com.alibaba.druid.pool.DruidDataSource   : {dataSource-0} closing ...
2022-05-06 08:54:59.330  INFO 548 --- [restartedMain] c.l.communicate.CommunicateApplication   : Starting CommunicateApplication using Java 1.8.0_144 on DESKTOP-4VQLN0S with PID 548 (D:\Java\Spring\communicate\target\classes started by 26794 in D:\Java\Spring\communicate)
2022-05-06 08:54:59.331  INFO 548 --- [restartedMain] c.l.communicate.CommunicateApplication   : No active profile set, falling back to 1 default profile: "default"
2022-05-06 08:54:59.859  INFO 548 --- [restartedMain] o.s.b.w.embedded.tomcat.TomcatWebServer  : Tomcat initialized with port(s): 8080 (http)
2022-05-06 08:54:59.860  INFO 548 --- [restartedMain] o.apache.catalina.core.StandardService   : Starting service [Tomcat]
2022-05-06 08:54:59.860  INFO 548 --- [restartedMain] org.apache.catalina.core.StandardEngine  : Starting Servlet engine: [Apache Tomcat/9.0.60]
2022-05-06 08:54:59.884  INFO 548 --- [restartedMain] o.a.c.c.C.[Tomcat].[localhost].[/]       : Initializing Spring embedded WebApplicationContext
2022-05-06 08:54:59.884  INFO 548 --- [restartedMain] w.s.c.ServletWebServerApplicationContext : Root WebApplicationContext: initialization completed in 540 ms
2022-05-06 08:55:00.212  INFO 548 --- [restartedMain] o.s.b.a.w.s.WelcomePageHandlerMapping    : Adding welcome page template: index
2022-05-06 08:55:00.302  INFO 548 --- [restartedMain] o.s.b.d.a.OptionalLiveReloadServer       : LiveReload server is running on port 35729
2022-05-06 08:55:00.331  INFO 548 --- [restartedMain] o.s.b.w.embedded.tomcat.TomcatWebServer  : Tomcat started on port(s): 8080 (http) with context path ''
2022-05-06 08:55:00.338  INFO 548 --- [restartedMain] c.l.communicate.CommunicateApplication   : Started CommunicateApplication in 1.067 seconds (JVM running for 433.827)
2022-05-06 08:55:00.340  INFO 548 --- [restartedMain] .ConditionEvaluationDeltaLoggingListener : Condition evaluation unchanged
2022-05-06 09:06:46.811  INFO 548 --- [Thread-34] com.alibaba.druid.pool.DruidDataSource   : {dataSource-0} closing ...
2022-05-06 09:06:47.135  INFO 548 --- [restartedMain] c.l.communicate.CommunicateApplication   : Starting CommunicateApplication using Java 1.8.0_144 on DESKTOP-4VQLN0S with PID 548 (D:\Java\Spring\communicate\target\classes started by 26794 in D:\Java\Spring\communicate)
2022-05-06 09:06:47.136  INFO 548 --- [restartedMain] c.l.communicate.CommunicateApplication   : No active profile set, falling back to 1 default profile: "default"
2022-05-06 09:06:48.086  INFO 548 --- [restartedMain] o.s.b.w.embedded.tomcat.TomcatWebServer  : Tomcat initialized with port(s): 8080 (http)
2022-05-06 09:06:48.088  INFO 548 --- [restartedMain] o.apache.catalina.core.StandardService   : Starting service [Tomcat]
2022-05-06 09:06:48.088  INFO 548 --- [restartedMain] org.apache.catalina.core.StandardEngine  : Starting Servlet engine: [Apache Tomcat/9.0.60]
2022-05-06 09:06:48.128  INFO 548 --- [restartedMain] o.a.c.c.C.[Tomcat].[localhost].[/]       : Initializing Spring embedded WebApplicationContext
2022-05-06 09:06:48.128  INFO 548 --- [restartedMain] w.s.c.ServletWebServerApplicationContext : Root WebApplicationContext: initialization completed in 985 ms
2022-05-06 09:06:48.605  INFO 548 --- [restartedMain] o.s.b.a.w.s.WelcomePageHandlerMapping    : Adding welcome page template: index
2022-05-06 09:06:48.752  INFO 548 --- [restartedMain] o.s.b.d.a.OptionalLiveReloadServer       : LiveReload server is running on port 35729
2022-05-06 09:06:48.816  INFO 548 --- [restartedMain] o.s.b.w.embedded.tomcat.TomcatWebServer  : Tomcat started on port(s): 8080 (http) with context path ''
2022-05-06 09:06:48.838  INFO 548 --- [restartedMain] c.l.communicate.CommunicateApplication   : Started CommunicateApplication in 1.782 seconds (JVM running for 1142.327)
2022-05-06 09:06:48.842  INFO 548 --- [restartedMain] .ConditionEvaluationDeltaLoggingListener : Condition evaluation unchanged
